<?xml version="1.0" encoding="UTF-8"?>
<!-- Generated by org.testng.reporters.JUnitReportReporter -->
<testsuite hostname="DESKTOP-9G01JJ4" failures="0" tests="1" name="com.monkeycap.TestScripts.ProductListTest" time="31.119" errors="0" timestamp="28 Jul 2021 18:04:04 GMT" skipped="0">
  <testcase classname="com.monkeycap.TestScripts.ProductListTest" name="list" time="31.119"/>
</testsuite> <!-- com.monkeycap.TestScripts.ProductListTest -->
