<?xml version="1.0" encoding="UTF-8"?>
<!-- Generated by org.testng.reporters.JUnitReportReporter -->
<testsuite hostname="DESKTOP-9G01JJ4" failures="0" tests="1" name="com.monkeycap.TestScripts.getQuoteOfCarTest" time="18.858" errors="0" timestamp="28 Jul 2021 22:11:02 GMT" skipped="0">
  <testcase classname="com.monkeycap.TestScripts.getQuoteOfCarTest" name="quote" time="18.858"/>
</testsuite> <!-- com.monkeycap.TestScripts.getQuoteOfCarTest -->
