<?xml version="1.0" encoding="UTF-8"?>
<!-- Generated by org.testng.reporters.JUnitReportReporter -->
<testsuite hostname="DESKTOP-9G01JJ4" failures="0" tests="1" name="com.monkeycap.TestScripts.InsureNewCarTest" time="15.644" errors="0" timestamp="28 Jul 2021 22:12:12 GMT" skipped="0">
  <testcase classname="com.monkeycap.TestScripts.InsureNewCarTest" name="newcar" time="15.644"/>
</testsuite> <!-- com.monkeycap.TestScripts.InsureNewCarTest -->
