<?xml version="1.0" encoding="UTF-8"?>
<!-- Generated by org.testng.reporters.JUnitReportReporter -->
<testsuite hostname="DESKTOP-9G01JJ4" failures="0" tests="1" name="com.monkeycap.TestScripts.EditVehicleDetailsTest" time="22.413" errors="0" timestamp="28 Jul 2021 22:13:45 GMT" skipped="0">
  <testcase classname="com.monkeycap.TestScripts.EditVehicleDetailsTest" name="editvehicle" time="22.413"/>
</testsuite> <!-- com.monkeycap.TestScripts.EditVehicleDetailsTest -->
